   0  $accept : pipoca $end

   1  pipoca : file

   2  file :
   3       | file decl

   4  decl : init
   5       | extern
   6       | func
   7       | NEWLINE

   8  init : INIT ID OPATR init2 NEWLINE

   9  init2 : '[' init3 ']'

  10  init3 : intorreal
  11        | '-' intorreal
  12        | init3 ',' intorreal
  13        | init3 ',' '-' intorreal

  14  extern : EXTERN extern2 NEWLINE

  15  extern2 : ID
  16          | extern2 ',' ID

  17  const2 : ID OPATR const
  18         | ID ',' const2 ',' const

  19  const : init2
  20        | STRING
  21        | intorreal

  22  func : REAL ID '(' listexp3 ')' NEWLINE STARTBLOCK func2 ENDENDBLOCK NEWLINE
  23       | INTEGER ID '(' listexp3 ')' NEWLINE STARTBLOCK func2 ENDENDBLOCK NEWLINE
  24       | ID '(' listexp3 ')' NEWLINE STARTBLOCK func2 ENDENDBLOCK NEWLINE

  25  listexp3 :
  26           | exp5
  27           | ID '[' ']'
  28           | listexp4 ',' ID '[' ']'
  29           | listexp4 ',' exp

  30  listexp4 : exp5
  31           | ID '[' ']'
  32           | listexp4 ',' ID '[' ']'
  33           | listexp4 ',' exp

  34  listexp :
  35          | exp5
  36          | listexp2 ',' exp

  37  listexp2 : exp5
  38           | listexp2 ',' exp

  39  func2 : dec
  40        | ints
  41        | exp4
  42        | memreserv
  43        | print
  44        | breakcontinue
  45        | func2 dec
  46        | func2 ints
  47        | func2 exp4
  48        | func2 memreserv
  49        | func2 print
  50        | func2 breakcontinue

  51  breakcontinue : BREAK NEWLINE
  52                | CONTINUE NEWLINE
  53                | BREAK INT NEWLINE
  54                | CONTINUE INT NEWLINE

  55  dec : VAR type var NEWLINE
  56      | CONST const2 NEWLINE

  57  type :
  58       | REAL
  59       | INTEGER

  60  var : ID
  61      | ID '[' ']'
  62      | ID '[' INT ']'
  63      | ID '[' ID ']'
  64      | var ',' ID
  65      | var ',' ID '[' ']'
  66      | var ',' ID '[' INT ']'
  67      | var ',' ID '[' ID ']'

  68  ints : IF exp5 THEN NEWLINE STARTBLOCK func2 ENDBLOCK elseif
  69       | WHILE exp5 DO NEWLINE STARTBLOCK func2 ENDBLOCK elsecycle
  70       | DO NEWLINE STARTBLOCK func2 ENDBLOCK UNTIL exp5 elsecycle

  71  elsecycle : ELSE NEWLINE STARTBLOCK func2 ENDBLOCK endelsecycle
  72            | endelsecycle

  73  elseif : ELSE NEWLINE STARTBLOCK func2 ENDBLOCK endelseif
  74         | endelseif

  75  endelsecycle : DONE NEWLINE

  76  endelseif : ENDIF NEWLINE

  77  exp4 : exp6 NEWLINE

  78  exp5 : exp
  79       | '(' exp5 AND exp ')'
  80       | exp5 AND exp
  81       | '(' exp5 OR exp ')'
  82       | exp5 OR exp

  83  exp6 : exp5
  84       | ID OPATR exp6

  85  exp : exp2
  86      | exp3
  87      | exp '-' exp3
  88      | exp '-' exp2
  89      | exp '+' exp3
  90      | exp '+' exp2
  91      | exp '*' exp3
  92      | exp '*' exp2
  93      | exp '/' exp3
  94      | exp '/' exp2
  95      | exp '%' exp3
  96      | exp '%' exp2
  97      | exp POT exp3
  98      | exp POT exp2
  99      | exp '<' exp3
 100      | exp '<' exp2
 101      | exp '>' exp3
 102      | exp '>' exp2
 103      | exp '=' exp3
 104      | exp '=' exp2
 105      | exp MOREOREQUAL exp3
 106      | exp MOREOREQUAL exp2
 107      | exp LESSOREQUAL exp3
 108      | exp LESSOREQUAL exp2
 109      | exp NOTEQUAL exp3
 110      | exp NOTEQUAL exp2
 111      | ID '[' memreserv2 ']' OPATR exp3
 112      | ID '[' memreserv2 ']' OPATR exp2
 113      | exp '?'

 114  exp2 : '(' exp ')'

 115  exp3 : ID
 116       | '@' ID
 117       | ID '(' listexp ')'
 118       | ID '[' memreserv2 ']'
 119       | PLUSONE ID
 120       | MINUSONE ID
 121       | ID PLUSONE
 122       | ID MINUSONE
 123       | intorreal
 124       | NOT ID
 125       | '-' ID
 126       | '-' intorreal

 127  memreserv : '[' ID ']' '=' memreserv2 NEWLINE

 128  memreserv2 : memreserv4
 129             | memreserv3
 130             | memreserv2 '*' memreserv3
 131             | memreserv2 '*' memreserv4
 132             | memreserv2 '/' memreserv3
 133             | memreserv2 '/' memreserv4
 134             | memreserv2 '+' memreserv3
 135             | memreserv2 '+' memreserv4
 136             | memreserv2 '-' memreserv3
 137             | memreserv2 '-' memreserv4
 138             | memreserv2 '%' memreserv3
 139             | memreserv2 '%' memreserv4
 140             | memreserv2 POT memreserv3
 141             | memreserv2 POT memreserv4

 142  memreserv3 : intorreal
 143             | ID

 144  memreserv4 : '(' memreserv2 ')'

 145  print : print2 '!' NEWLINE
 146        | print2 PRINTLN NEWLINE

 147  print2 : STRING
 148         | print2 '+' ID
 149         | print2 '+' ID '(' listexp ')'
 150         | print2 '+' STRING
 151         | print2 '+' INT
 152         | STRING '*' print3
 153         | print2 '+' STRING '*' print3

 154  print3 : ID
 155         | intorreal
 156         | print3 '*' ID
 157         | print3 '*' intorreal

 158  intorreal : INT
 159            | REALN

state 0
	$accept : . pipoca $end  (0)
	file : .  (2)

	.  reduce 2

	pipoca  goto 1
	file  goto 2


state 1
	$accept : pipoca . $end  (0)

	$end  accept


state 2
	pipoca : file .  (1)
	file : file . decl  (3)

	REAL  shift 3
	INTEGER  shift 4
	INIT  shift 5
	EXTERN  shift 6
	NEWLINE  shift 7
	ID  shift 8
	$end  reduce 1

	decl  goto 9
	init  goto 10
	extern  goto 11
	func  goto 12


state 3
	func : REAL . ID '(' listexp3 ')' NEWLINE STARTBLOCK func2 ENDENDBLOCK NEWLINE  (22)

	ID  shift 13
	.  error


state 4
	func : INTEGER . ID '(' listexp3 ')' NEWLINE STARTBLOCK func2 ENDENDBLOCK NEWLINE  (23)

	ID  shift 14
	.  error


state 5
	init : INIT . ID OPATR init2 NEWLINE  (8)

	ID  shift 15
	.  error


state 6
	extern : EXTERN . extern2 NEWLINE  (14)

	ID  shift 16
	.  error

	extern2  goto 17


state 7
	decl : NEWLINE .  (7)

	.  reduce 7


state 8
	func : ID . '(' listexp3 ')' NEWLINE STARTBLOCK func2 ENDENDBLOCK NEWLINE  (24)

	'('  shift 18
	.  error


state 9
	file : file decl .  (3)

	.  reduce 3


state 10
	decl : init .  (4)

	.  reduce 4


state 11
	decl : extern .  (5)

	.  reduce 5


state 12
	decl : func .  (6)

	.  reduce 6


state 13
	func : REAL ID . '(' listexp3 ')' NEWLINE STARTBLOCK func2 ENDENDBLOCK NEWLINE  (22)

	'('  shift 19
	.  error


state 14
	func : INTEGER ID . '(' listexp3 ')' NEWLINE STARTBLOCK func2 ENDENDBLOCK NEWLINE  (23)

	'('  shift 20
	.  error


state 15
	init : INIT ID . OPATR init2 NEWLINE  (8)

	OPATR  shift 21
	.  error


state 16
	extern2 : ID .  (15)

	.  reduce 15


state 17
	extern : EXTERN extern2 . NEWLINE  (14)
	extern2 : extern2 . ',' ID  (16)

	NEWLINE  shift 22
	','  shift 23
	.  error


state 18
	func : ID '(' . listexp3 ')' NEWLINE STARTBLOCK func2 ENDENDBLOCK NEWLINE  (24)
	listexp3 : .  (25)

	NOT  shift 24
	PLUSONE  shift 25
	MINUSONE  shift 26
	ID  shift 27
	REALN  shift 28
	INT  shift 29
	'-'  shift 30
	'('  shift 31
	'@'  shift 32
	')'  reduce 25

	listexp3  goto 33
	listexp4  goto 34
	exp5  goto 35
	exp  goto 36
	exp2  goto 37
	exp3  goto 38
	intorreal  goto 39


state 19
	func : REAL ID '(' . listexp3 ')' NEWLINE STARTBLOCK func2 ENDENDBLOCK NEWLINE  (22)
	listexp3 : .  (25)

	NOT  shift 24
	PLUSONE  shift 25
	MINUSONE  shift 26
	ID  shift 27
	REALN  shift 28
	INT  shift 29
	'-'  shift 30
	'('  shift 31
	'@'  shift 32
	')'  reduce 25

	listexp3  goto 40
	listexp4  goto 34
	exp5  goto 35
	exp  goto 36
	exp2  goto 37
	exp3  goto 38
	intorreal  goto 39


state 20
	func : INTEGER ID '(' . listexp3 ')' NEWLINE STARTBLOCK func2 ENDENDBLOCK NEWLINE  (23)
	listexp3 : .  (25)

	NOT  shift 24
	PLUSONE  shift 25
	MINUSONE  shift 26
	ID  shift 27
	REALN  shift 28
	INT  shift 29
	'-'  shift 30
	'('  shift 31
	'@'  shift 32
	')'  reduce 25

	listexp3  goto 41
	listexp4  goto 34
	exp5  goto 35
	exp  goto 36
	exp2  goto 37
	exp3  goto 38
	intorreal  goto 39


state 21
	init : INIT ID OPATR . init2 NEWLINE  (8)

	'['  shift 42
	.  error

	init2  goto 43


state 22
	extern : EXTERN extern2 NEWLINE .  (14)

	.  reduce 14


state 23
	extern2 : extern2 ',' . ID  (16)

	ID  shift 44
	.  error


state 24
	exp3 : NOT . ID  (124)

	ID  shift 45
	.  error


state 25
	exp3 : PLUSONE . ID  (119)

	ID  shift 46
	.  error


state 26
	exp3 : MINUSONE . ID  (120)

	ID  shift 47
	.  error


state 27
	listexp3 : ID . '[' ']'  (27)
	listexp4 : ID . '[' ']'  (31)
	exp : ID . '[' memreserv2 ']' OPATR exp3  (111)
	exp : ID . '[' memreserv2 ']' OPATR exp2  (112)
	exp3 : ID .  (115)
	exp3 : ID . '(' listexp ')'  (117)
	exp3 : ID . '[' memreserv2 ']'  (118)
	exp3 : ID . PLUSONE  (121)
	exp3 : ID . MINUSONE  (122)

	PLUSONE  shift 48
	MINUSONE  shift 49
	'['  shift 50
	'('  shift 51
	AND  reduce 115
	OR  reduce 115
	MOREOREQUAL  reduce 115
	LESSOREQUAL  reduce 115
	NOTEQUAL  reduce 115
	POT  reduce 115
	'-'  reduce 115
	','  reduce 115
	')'  reduce 115
	'+'  reduce 115
	'*'  reduce 115
	'/'  reduce 115
	'%'  reduce 115
	'<'  reduce 115
	'>'  reduce 115
	'='  reduce 115
	'?'  reduce 115


state 28
	intorreal : REALN .  (159)

	.  reduce 159


state 29
	intorreal : INT .  (158)

	.  reduce 158


state 30
	exp3 : '-' . ID  (125)
	exp3 : '-' . intorreal  (126)

	ID  shift 52
	REALN  shift 28
	INT  shift 29
	.  error

	intorreal  goto 53


state 31
	exp5 : '(' . exp5 AND exp ')'  (79)
	exp5 : '(' . exp5 OR exp ')'  (81)
	exp2 : '(' . exp ')'  (114)

	NOT  shift 24
	PLUSONE  shift 25
	MINUSONE  shift 26
	ID  shift 54
	REALN  shift 28
	INT  shift 29
	'-'  shift 30
	'('  shift 31
	'@'  shift 32
	.  error

	exp5  goto 55
	exp  goto 56
	exp2  goto 37
	exp3  goto 38
	intorreal  goto 39


state 32
	exp3 : '@' . ID  (116)

	ID  shift 57
	.  error


state 33
	func : ID '(' listexp3 . ')' NEWLINE STARTBLOCK func2 ENDENDBLOCK NEWLINE  (24)

	')'  shift 58
	.  error


state 34
	listexp3 : listexp4 . ',' ID '[' ']'  (28)
	listexp3 : listexp4 . ',' exp  (29)
	listexp4 : listexp4 . ',' ID '[' ']'  (32)
	listexp4 : listexp4 . ',' exp  (33)

	','  shift 59
	.  error


state 35
	listexp3 : exp5 .  (26)
	listexp4 : exp5 .  (30)
	exp5 : exp5 . AND exp  (80)
	exp5 : exp5 . OR exp  (82)

	AND  shift 60
	OR  shift 61
	','  reduce 30
	')'  reduce 26


state 36
	exp5 : exp .  (78)
	exp : exp . '-' exp3  (87)
	exp : exp . '-' exp2  (88)
	exp : exp . '+' exp3  (89)
	exp : exp . '+' exp2  (90)
	exp : exp . '*' exp3  (91)
	exp : exp . '*' exp2  (92)
	exp : exp . '/' exp3  (93)
	exp : exp . '/' exp2  (94)
	exp : exp . '%' exp3  (95)
	exp : exp . '%' exp2  (96)
	exp : exp . POT exp3  (97)
	exp : exp . POT exp2  (98)
	exp : exp . '<' exp3  (99)
	exp : exp . '<' exp2  (100)
	exp : exp . '>' exp3  (101)
	exp : exp . '>' exp2  (102)
	exp : exp . '=' exp3  (103)
	exp : exp . '=' exp2  (104)
	exp : exp . MOREOREQUAL exp3  (105)
	exp : exp . MOREOREQUAL exp2  (106)
	exp : exp . LESSOREQUAL exp3  (107)
	exp : exp . LESSOREQUAL exp2  (108)
	exp : exp . NOTEQUAL exp3  (109)
	exp : exp . NOTEQUAL exp2  (110)
	exp : exp . '?'  (113)

	MOREOREQUAL  shift 62
	LESSOREQUAL  shift 63
	NOTEQUAL  shift 64
	POT  shift 65
	'-'  shift 66
	'+'  shift 67
	'*'  shift 68
	'/'  shift 69
	'%'  shift 70
	'<'  shift 71
	'>'  shift 72
	'='  shift 73
	'?'  shift 74
	AND  reduce 78
	OR  reduce 78
	THEN  reduce 78
	ELSE  reduce 78
	DO  reduce 78
	DONE  reduce 78
	NEWLINE  reduce 78
	','  reduce 78
	')'  reduce 78


state 37
	exp : exp2 .  (85)

	.  reduce 85


state 38
	exp : exp3 .  (86)

	.  reduce 86


state 39
	exp3 : intorreal .  (123)

	.  reduce 123


state 40
	func : REAL ID '(' listexp3 . ')' NEWLINE STARTBLOCK func2 ENDENDBLOCK NEWLINE  (22)

	')'  shift 75
	.  error


state 41
	func : INTEGER ID '(' listexp3 . ')' NEWLINE STARTBLOCK func2 ENDENDBLOCK NEWLINE  (23)

	')'  shift 76
	.  error


state 42
	init2 : '[' . init3 ']'  (9)

	REALN  shift 28
	INT  shift 29
	'-'  shift 77
	.  error

	init3  goto 78
	intorreal  goto 79


state 43
	init : INIT ID OPATR init2 . NEWLINE  (8)

	NEWLINE  shift 80
	.  error


state 44
	extern2 : extern2 ',' ID .  (16)

	.  reduce 16


state 45
	exp3 : NOT ID .  (124)

	.  reduce 124


state 46
	exp3 : PLUSONE ID .  (119)

	.  reduce 119


state 47
	exp3 : MINUSONE ID .  (120)

	.  reduce 120


state 48
	exp3 : ID PLUSONE .  (121)

	.  reduce 121


state 49
	exp3 : ID MINUSONE .  (122)

	.  reduce 122


state 50
	listexp3 : ID '[' . ']'  (27)
	listexp4 : ID '[' . ']'  (31)
	exp : ID '[' . memreserv2 ']' OPATR exp3  (111)
	exp : ID '[' . memreserv2 ']' OPATR exp2  (112)
	exp3 : ID '[' . memreserv2 ']'  (118)

	ID  shift 81
	REALN  shift 28
	INT  shift 29
	']'  shift 82
	'('  shift 83
	.  error

	memreserv2  goto 84
	memreserv3  goto 85
	memreserv4  goto 86
	intorreal  goto 87


state 51
	exp3 : ID '(' . listexp ')'  (117)
	listexp : .  (34)

	NOT  shift 24
	PLUSONE  shift 25
	MINUSONE  shift 26
	ID  shift 54
	REALN  shift 28
	INT  shift 29
	'-'  shift 30
	'('  shift 31
	'@'  shift 32
	')'  reduce 34

	listexp  goto 88
	listexp2  goto 89
	exp5  goto 90
	exp  goto 36
	exp2  goto 37
	exp3  goto 38
	intorreal  goto 39


state 52
	exp3 : '-' ID .  (125)

	.  reduce 125


state 53
	exp3 : '-' intorreal .  (126)

	.  reduce 126


state 54
	exp : ID . '[' memreserv2 ']' OPATR exp3  (111)
	exp : ID . '[' memreserv2 ']' OPATR exp2  (112)
	exp3 : ID .  (115)
	exp3 : ID . '(' listexp ')'  (117)
	exp3 : ID . '[' memreserv2 ']'  (118)
	exp3 : ID . PLUSONE  (121)
	exp3 : ID . MINUSONE  (122)

	PLUSONE  shift 48
	MINUSONE  shift 49
	'['  shift 91
	'('  shift 51
	AND  reduce 115
	OR  reduce 115
	THEN  reduce 115
	ELSE  reduce 115
	DO  reduce 115
	DONE  reduce 115
	MOREOREQUAL  reduce 115
	LESSOREQUAL  reduce 115
	NOTEQUAL  reduce 115
	POT  reduce 115
	NEWLINE  reduce 115
	'-'  reduce 115
	','  reduce 115
	')'  reduce 115
	'+'  reduce 115
	'*'  reduce 115
	'/'  reduce 115
	'%'  reduce 115
	'<'  reduce 115
	'>'  reduce 115
	'='  reduce 115
	'?'  reduce 115


state 55
	exp5 : '(' exp5 . AND exp ')'  (79)
	exp5 : exp5 . AND exp  (80)
	exp5 : '(' exp5 . OR exp ')'  (81)
	exp5 : exp5 . OR exp  (82)

	AND  shift 92
	OR  shift 93
	.  error


state 56
	exp5 : exp .  (78)
	exp : exp . '-' exp3  (87)
	exp : exp . '-' exp2  (88)
	exp : exp . '+' exp3  (89)
	exp : exp . '+' exp2  (90)
	exp : exp . '*' exp3  (91)
	exp : exp . '*' exp2  (92)
	exp : exp . '/' exp3  (93)
	exp : exp . '/' exp2  (94)
	exp : exp . '%' exp3  (95)
	exp : exp . '%' exp2  (96)
	exp : exp . POT exp3  (97)
	exp : exp . POT exp2  (98)
	exp : exp . '<' exp3  (99)
	exp : exp . '<' exp2  (100)
	exp : exp . '>' exp3  (101)
	exp : exp . '>' exp2  (102)
	exp : exp . '=' exp3  (103)
	exp : exp . '=' exp2  (104)
	exp : exp . MOREOREQUAL exp3  (105)
	exp : exp . MOREOREQUAL exp2  (106)
	exp : exp . LESSOREQUAL exp3  (107)
	exp : exp . LESSOREQUAL exp2  (108)
	exp : exp . NOTEQUAL exp3  (109)
	exp : exp . NOTEQUAL exp2  (110)
	exp : exp . '?'  (113)
	exp2 : '(' exp . ')'  (114)

	MOREOREQUAL  shift 62
	LESSOREQUAL  shift 63
	NOTEQUAL  shift 64
	POT  shift 65
	'-'  shift 66
	')'  shift 94
	'+'  shift 67
	'*'  shift 68
	'/'  shift 69
	'%'  shift 70
	'<'  shift 71
	'>'  shift 72
	'='  shift 73
	'?'  shift 74
	AND  reduce 78
	OR  reduce 78


state 57
	exp3 : '@' ID .  (116)

	.  reduce 116


state 58
	func : ID '(' listexp3 ')' . NEWLINE STARTBLOCK func2 ENDENDBLOCK NEWLINE  (24)

	NEWLINE  shift 95
	.  error


state 59
	listexp3 : listexp4 ',' . ID '[' ']'  (28)
	listexp3 : listexp4 ',' . exp  (29)
	listexp4 : listexp4 ',' . ID '[' ']'  (32)
	listexp4 : listexp4 ',' . exp  (33)

	NOT  shift 24
	PLUSONE  shift 25
	MINUSONE  shift 26
	ID  shift 96
	REALN  shift 28
	INT  shift 29
	'-'  shift 30
	'('  shift 97
	'@'  shift 32
	.  error

	exp  goto 98
	exp2  goto 37
	exp3  goto 38
	intorreal  goto 39


state 60
	exp5 : exp5 AND . exp  (80)

	NOT  shift 24
	PLUSONE  shift 25
	MINUSONE  shift 26
	ID  shift 54
	REALN  shift 28
	INT  shift 29
	'-'  shift 30
	'('  shift 97
	'@'  shift 32
	.  error

	exp  goto 99
	exp2  goto 37
	exp3  goto 38
	intorreal  goto 39


state 61
	exp5 : exp5 OR . exp  (82)

	NOT  shift 24
	PLUSONE  shift 25
	MINUSONE  shift 26
	ID  shift 54
	REALN  shift 28
	INT  shift 29
	'-'  shift 30
	'('  shift 97
	'@'  shift 32
	.  error

	exp  goto 100
	exp2  goto 37
	exp3  goto 38
	intorreal  goto 39


state 62
	exp : exp MOREOREQUAL . exp3  (105)
	exp : exp MOREOREQUAL . exp2  (106)

	NOT  shift 24
	PLUSONE  shift 25
	MINUSONE  shift 26
	ID  shift 101
	REALN  shift 28
	INT  shift 29
	'-'  shift 30
	'('  shift 97
	'@'  shift 32
	.  error

	exp2  goto 102
	exp3  goto 103
	intorreal  goto 39


state 63
	exp : exp LESSOREQUAL . exp3  (107)
	exp : exp LESSOREQUAL . exp2  (108)

	NOT  shift 24
	PLUSONE  shift 25
	MINUSONE  shift 26
	ID  shift 101
	REALN  shift 28
	INT  shift 29
	'-'  shift 30
	'('  shift 97
	'@'  shift 32
	.  error

	exp2  goto 104
	exp3  goto 105
	intorreal  goto 39


state 64
	exp : exp NOTEQUAL . exp3  (109)
	exp : exp NOTEQUAL . exp2  (110)

	NOT  shift 24
	PLUSONE  shift 25
	MINUSONE  shift 26
	ID  shift 101
	REALN  shift 28
	INT  shift 29
	'-'  shift 30
	'('  shift 97
	'@'  shift 32
	.  error

	exp2  goto 106
	exp3  goto 107
	intorreal  goto 39


state 65
	exp : exp POT . exp3  (97)
	exp : exp POT . exp2  (98)

	NOT  shift 24
	PLUSONE  shift 25
	MINUSONE  shift 26
	ID  shift 101
	REALN  shift 28
	INT  shift 29
	'-'  shift 30
	'('  shift 97
	'@'  shift 32
	.  error

	exp2  goto 108
	exp3  goto 109
	intorreal  goto 39


state 66
	exp : exp '-' . exp3  (87)
	exp : exp '-' . exp2  (88)

	NOT  shift 24
	PLUSONE  shift 25
	MINUSONE  shift 26
	ID  shift 101
	REALN  shift 28
	INT  shift 29
	'-'  shift 30
	'('  shift 97
	'@'  shift 32
	.  error

	exp2  goto 110
	exp3  goto 111
	intorreal  goto 39


state 67
	exp : exp '+' . exp3  (89)
	exp : exp '+' . exp2  (90)

	NOT  shift 24
	PLUSONE  shift 25
	MINUSONE  shift 26
	ID  shift 101
	REALN  shift 28
	INT  shift 29
	'-'  shift 30
	'('  shift 97
	'@'  shift 32
	.  error

	exp2  goto 112
	exp3  goto 113
	intorreal  goto 39


state 68
	exp : exp '*' . exp3  (91)
	exp : exp '*' . exp2  (92)

	NOT  shift 24
	PLUSONE  shift 25
	MINUSONE  shift 26
	ID  shift 101
	REALN  shift 28
	INT  shift 29
	'-'  shift 30
	'('  shift 97
	'@'  shift 32
	.  error

	exp2  goto 114
	exp3  goto 115
	intorreal  goto 39


state 69
	exp : exp '/' . exp3  (93)
	exp : exp '/' . exp2  (94)

	NOT  shift 24
	PLUSONE  shift 25
	MINUSONE  shift 26
	ID  shift 101
	REALN  shift 28
	INT  shift 29
	'-'  shift 30
	'('  shift 97
	'@'  shift 32
	.  error

	exp2  goto 116
	exp3  goto 117
	intorreal  goto 39


state 70
	exp : exp '%' . exp3  (95)
	exp : exp '%' . exp2  (96)

	NOT  shift 24
	PLUSONE  shift 25
	MINUSONE  shift 26
	ID  shift 101
	REALN  shift 28
	INT  shift 29
	'-'  shift 30
	'('  shift 97
	'@'  shift 32
	.  error

	exp2  goto 118
	exp3  goto 119
	intorreal  goto 39


state 71
	exp : exp '<' . exp3  (99)
	exp : exp '<' . exp2  (100)

	NOT  shift 24
	PLUSONE  shift 25
	MINUSONE  shift 26
	ID  shift 101
	REALN  shift 28
	INT  shift 29
	'-'  shift 30
	'('  shift 97
	'@'  shift 32
	.  error

	exp2  goto 120
	exp3  goto 121
	intorreal  goto 39


state 72
	exp : exp '>' . exp3  (101)
	exp : exp '>' . exp2  (102)

	NOT  shift 24
	PLUSONE  shift 25
	MINUSONE  shift 26
	ID  shift 101
	REALN  shift 28
	INT  shift 29
	'-'  shift 30
	'('  shift 97
	'@'  shift 32
	.  error

	exp2  goto 122
	exp3  goto 123
	intorreal  goto 39


state 73
	exp : exp '=' . exp3  (103)
	exp : exp '=' . exp2  (104)

	NOT  shift 24
	PLUSONE  shift 25
	MINUSONE  shift 26
	ID  shift 101
	REALN  shift 28
	INT  shift 29
	'-'  shift 30
	'('  shift 97
	'@'  shift 32
	.  error

	exp2  goto 124
	exp3  goto 125
	intorreal  goto 39


state 74
	exp : exp '?' .  (113)

	.  reduce 113


state 75
	func : REAL ID '(' listexp3 ')' . NEWLINE STARTBLOCK func2 ENDENDBLOCK NEWLINE  (22)

	NEWLINE  shift 126
	.  error


state 76
	func : INTEGER ID '(' listexp3 ')' . NEWLINE STARTBLOCK func2 ENDENDBLOCK NEWLINE  (23)

	NEWLINE  shift 127
	.  error


state 77
	init3 : '-' . intorreal  (11)

	REALN  shift 28
	INT  shift 29
	.  error

	intorreal  goto 128


state 78
	init2 : '[' init3 . ']'  (9)
	init3 : init3 . ',' intorreal  (12)
	init3 : init3 . ',' '-' intorreal  (13)

	']'  shift 129
	','  shift 130
	.  error


state 79
	init3 : intorreal .  (10)

	.  reduce 10


state 80
	init : INIT ID OPATR init2 NEWLINE .  (8)

	.  reduce 8


state 81
	memreserv3 : ID .  (143)

	.  reduce 143


state 82
	listexp3 : ID '[' ']' .  (27)
	listexp4 : ID '[' ']' .  (31)

	','  reduce 31
	')'  reduce 27


state 83
	memreserv4 : '(' . memreserv2 ')'  (144)

	ID  shift 81
	REALN  shift 28
	INT  shift 29
	'('  shift 83
	.  error

	memreserv2  goto 131
	memreserv3  goto 85
	memreserv4  goto 86
	intorreal  goto 87


state 84
	exp : ID '[' memreserv2 . ']' OPATR exp3  (111)
	exp : ID '[' memreserv2 . ']' OPATR exp2  (112)
	exp3 : ID '[' memreserv2 . ']'  (118)
	memreserv2 : memreserv2 . '*' memreserv3  (130)
	memreserv2 : memreserv2 . '*' memreserv4  (131)
	memreserv2 : memreserv2 . '/' memreserv3  (132)
	memreserv2 : memreserv2 . '/' memreserv4  (133)
	memreserv2 : memreserv2 . '+' memreserv3  (134)
	memreserv2 : memreserv2 . '+' memreserv4  (135)
	memreserv2 : memreserv2 . '-' memreserv3  (136)
	memreserv2 : memreserv2 . '-' memreserv4  (137)
	memreserv2 : memreserv2 . '%' memreserv3  (138)
	memreserv2 : memreserv2 . '%' memreserv4  (139)
	memreserv2 : memreserv2 . POT memreserv3  (140)
	memreserv2 : memreserv2 . POT memreserv4  (141)

	POT  shift 132
	']'  shift 133
	'-'  shift 134
	'+'  shift 135
	'*'  shift 136
	'/'  shift 137
	'%'  shift 138
	.  error


state 85
	memreserv2 : memreserv3 .  (129)

	.  reduce 129


state 86
	memreserv2 : memreserv4 .  (128)

	.  reduce 128


state 87
	memreserv3 : intorreal .  (142)

	.  reduce 142


state 88
	exp3 : ID '(' listexp . ')'  (117)

	')'  shift 139
	.  error


state 89
	listexp : listexp2 . ',' exp  (36)
	listexp2 : listexp2 . ',' exp  (38)

	','  shift 140
	.  error


state 90
	listexp : exp5 .  (35)
	listexp2 : exp5 .  (37)
	exp5 : exp5 . AND exp  (80)
	exp5 : exp5 . OR exp  (82)

	AND  shift 60
	OR  shift 61
	','  reduce 37
	')'  reduce 35


state 91
	exp : ID '[' . memreserv2 ']' OPATR exp3  (111)
	exp : ID '[' . memreserv2 ']' OPATR exp2  (112)
	exp3 : ID '[' . memreserv2 ']'  (118)

	ID  shift 81
	REALN  shift 28
	INT  shift 29
	'('  shift 83
	.  error

	memreserv2  goto 84
	memreserv3  goto 85
	memreserv4  goto 86
	intorreal  goto 87


state 92
	exp5 : '(' exp5 AND . exp ')'  (79)
	exp5 : exp5 AND . exp  (80)

	NOT  shift 24
	PLUSONE  shift 25
	MINUSONE  shift 26
	ID  shift 54
	REALN  shift 28
	INT  shift 29
	'-'  shift 30
	'('  shift 97
	'@'  shift 32
	.  error

	exp  goto 141
	exp2  goto 37
	exp3  goto 38
	intorreal  goto 39


state 93
	exp5 : '(' exp5 OR . exp ')'  (81)
	exp5 : exp5 OR . exp  (82)

	NOT  shift 24
	PLUSONE  shift 25
	MINUSONE  shift 26
	ID  shift 54
	REALN  shift 28
	INT  shift 29
	'-'  shift 30
	'('  shift 97
	'@'  shift 32
	.  error

	exp  goto 142
	exp2  goto 37
	exp3  goto 38
	intorreal  goto 39


state 94
	exp2 : '(' exp ')' .  (114)

	.  reduce 114


state 95
	func : ID '(' listexp3 ')' NEWLINE . STARTBLOCK func2 ENDENDBLOCK NEWLINE  (24)

	STARTBLOCK  shift 143
	.  error


state 96
	listexp3 : listexp4 ',' ID . '[' ']'  (28)
	listexp4 : listexp4 ',' ID . '[' ']'  (32)
	exp : ID . '[' memreserv2 ']' OPATR exp3  (111)
	exp : ID . '[' memreserv2 ']' OPATR exp2  (112)
	exp3 : ID .  (115)
	exp3 : ID . '(' listexp ')'  (117)
	exp3 : ID . '[' memreserv2 ']'  (118)
	exp3 : ID . PLUSONE  (121)
	exp3 : ID . MINUSONE  (122)

	PLUSONE  shift 48
	MINUSONE  shift 49
	'['  shift 144
	'('  shift 51
	MOREOREQUAL  reduce 115
	LESSOREQUAL  reduce 115
	NOTEQUAL  reduce 115
	POT  reduce 115
	'-'  reduce 115
	','  reduce 115
	')'  reduce 115
	'+'  reduce 115
	'*'  reduce 115
	'/'  reduce 115
	'%'  reduce 115
	'<'  reduce 115
	'>'  reduce 115
	'='  reduce 115
	'?'  reduce 115


state 97
	exp2 : '(' . exp ')'  (114)

	NOT  shift 24
	PLUSONE  shift 25
	MINUSONE  shift 26
	ID  shift 54
	REALN  shift 28
	INT  shift 29
	'-'  shift 30
	'('  shift 97
	'@'  shift 32
	.  error

	exp  goto 145
	exp2  goto 37
	exp3  goto 38
	intorreal  goto 39


state 98
	listexp3 : listexp4 ',' exp .  (29)
	listexp4 : listexp4 ',' exp .  (33)
	exp : exp . '-' exp3  (87)
	exp : exp . '-' exp2  (88)
	exp : exp . '+' exp3  (89)
	exp : exp . '+' exp2  (90)
	exp : exp . '*' exp3  (91)
	exp : exp . '*' exp2  (92)
	exp : exp . '/' exp3  (93)
	exp : exp . '/' exp2  (94)
	exp : exp . '%' exp3  (95)
	exp : exp . '%' exp2  (96)
	exp : exp . POT exp3  (97)
	exp : exp . POT exp2  (98)
	exp : exp . '<' exp3  (99)
	exp : exp . '<' exp2  (100)
	exp : exp . '>' exp3  (101)
	exp : exp . '>' exp2  (102)
	exp : exp . '=' exp3  (103)
	exp : exp . '=' exp2  (104)
	exp : exp . MOREOREQUAL exp3  (105)
	exp : exp . MOREOREQUAL exp2  (106)
	exp : exp . LESSOREQUAL exp3  (107)
	exp : exp . LESSOREQUAL exp2  (108)
	exp : exp . NOTEQUAL exp3  (109)
	exp : exp . NOTEQUAL exp2  (110)
	exp : exp . '?'  (113)

	MOREOREQUAL  shift 62
	LESSOREQUAL  shift 63
	NOTEQUAL  shift 64
	POT  shift 65
	'-'  shift 66
	'+'  shift 67
	'*'  shift 68
	'/'  shift 69
	'%'  shift 70
	'<'  shift 71
	'>'  shift 72
	'='  shift 73
	'?'  shift 74
	','  reduce 33
	')'  reduce 29


state 99
	exp5 : exp5 AND exp .  (80)
	exp : exp . '-' exp3  (87)
	exp : exp . '-' exp2  (88)
	exp : exp . '+' exp3  (89)
	exp : exp . '+' exp2  (90)
	exp : exp . '*' exp3  (91)
	exp : exp . '*' exp2  (92)
	exp : exp . '/' exp3  (93)
	exp : exp . '/' exp2  (94)
	exp : exp . '%' exp3  (95)
	exp : exp . '%' exp2  (96)
	exp : exp . POT exp3  (97)
	exp : exp . POT exp2  (98)
	exp : exp . '<' exp3  (99)
	exp : exp . '<' exp2  (100)
	exp : exp . '>' exp3  (101)
	exp : exp . '>' exp2  (102)
	exp : exp . '=' exp3  (103)
	exp : exp . '=' exp2  (104)
	exp : exp . MOREOREQUAL exp3  (105)
	exp : exp . MOREOREQUAL exp2  (106)
	exp : exp . LESSOREQUAL exp3  (107)
	exp : exp . LESSOREQUAL exp2  (108)
	exp : exp . NOTEQUAL exp3  (109)
	exp : exp . NOTEQUAL exp2  (110)
	exp : exp . '?'  (113)

	MOREOREQUAL  shift 62
	LESSOREQUAL  shift 63
	NOTEQUAL  shift 64
	POT  shift 65
	'-'  shift 66
	'+'  shift 67
	'*'  shift 68
	'/'  shift 69
	'%'  shift 70
	'<'  shift 71
	'>'  shift 72
	'='  shift 73
	'?'  shift 74
	AND  reduce 80
	OR  reduce 80
	THEN  reduce 80
	ELSE  reduce 80
	DO  reduce 80
	DONE  reduce 80
	NEWLINE  reduce 80
	','  reduce 80
	')'  reduce 80


state 100
	exp5 : exp5 OR exp .  (82)
	exp : exp . '-' exp3  (87)
	exp : exp . '-' exp2  (88)
	exp : exp . '+' exp3  (89)
	exp : exp . '+' exp2  (90)
	exp : exp . '*' exp3  (91)
	exp : exp . '*' exp2  (92)
	exp : exp . '/' exp3  (93)
	exp : exp . '/' exp2  (94)
	exp : exp . '%' exp3  (95)
	exp : exp . '%' exp2  (96)
	exp : exp . POT exp3  (97)
	exp : exp . POT exp2  (98)
	exp : exp . '<' exp3  (99)
	exp : exp . '<' exp2  (100)
	exp : exp . '>' exp3  (101)
	exp : exp . '>' exp2  (102)
	exp : exp . '=' exp3  (103)
	exp : exp . '=' exp2  (104)
	exp : exp . MOREOREQUAL exp3  (105)
	exp : exp . MOREOREQUAL exp2  (106)
	exp : exp . LESSOREQUAL exp3  (107)
	exp : exp . LESSOREQUAL exp2  (108)
	exp : exp . NOTEQUAL exp3  (109)
	exp : exp . NOTEQUAL exp2  (110)
	exp : exp . '?'  (113)

	MOREOREQUAL  shift 62
	LESSOREQUAL  shift 63
	NOTEQUAL  shift 64
	POT  shift 65
	'-'  shift 66
	'+'  shift 67
	'*'  shift 68
	'/'  shift 69
	'%'  shift 70
	'<'  shift 71
	'>'  shift 72
	'='  shift 73
	'?'  shift 74
	AND  reduce 82
	OR  reduce 82
	THEN  reduce 82
	ELSE  reduce 82
	DO  reduce 82
	DONE  reduce 82
	NEWLINE  reduce 82
	','  reduce 82
	')'  reduce 82


state 101
	exp3 : ID .  (115)
	exp3 : ID . '(' listexp ')'  (117)
	exp3 : ID . '[' memreserv2 ']'  (118)
	exp3 : ID . PLUSONE  (121)
	exp3 : ID . MINUSONE  (122)

	PLUSONE  shift 48
	MINUSONE  shift 49
	'['  shift 146
	'('  shift 51
	AND  reduce 115
	OR  reduce 115
	THEN  reduce 115
	ELSE  reduce 115
	DO  reduce 115
	DONE  reduce 115
	MOREOREQUAL  reduce 115
	LESSOREQUAL  reduce 115
	NOTEQUAL  reduce 115
	POT  reduce 115
	NEWLINE  reduce 115
	'-'  reduce 115
	','  reduce 115
	')'  reduce 115
	'+'  reduce 115
	'*'  reduce 115
	'/'  reduce 115
	'%'  reduce 115
	'<'  reduce 115
	'>'  reduce 115
	'='  reduce 115
	'?'  reduce 115


state 102
	exp : exp MOREOREQUAL exp2 .  (106)

	.  reduce 106


state 103
	exp : exp MOREOREQUAL exp3 .  (105)

	.  reduce 105


state 104
	exp : exp LESSOREQUAL exp2 .  (108)

	.  reduce 108


state 105
	exp : exp LESSOREQUAL exp3 .  (107)

	.  reduce 107


state 106
	exp : exp NOTEQUAL exp2 .  (110)

	.  reduce 110


state 107
	exp : exp NOTEQUAL exp3 .  (109)

	.  reduce 109


state 108
	exp : exp POT exp2 .  (98)

	.  reduce 98


state 109
	exp : exp POT exp3 .  (97)

	.  reduce 97


state 110
	exp : exp '-' exp2 .  (88)

	.  reduce 88


state 111
	exp : exp '-' exp3 .  (87)

	.  reduce 87


state 112
	exp : exp '+' exp2 .  (90)

	.  reduce 90


state 113
	exp : exp '+' exp3 .  (89)

	.  reduce 89


state 114
	exp : exp '*' exp2 .  (92)

	.  reduce 92


state 115
	exp : exp '*' exp3 .  (91)

	.  reduce 91


state 116
	exp : exp '/' exp2 .  (94)

	.  reduce 94


state 117
	exp : exp '/' exp3 .  (93)

	.  reduce 93


state 118
	exp : exp '%' exp2 .  (96)

	.  reduce 96


state 119
	exp : exp '%' exp3 .  (95)

	.  reduce 95


state 120
	exp : exp '<' exp2 .  (100)

	.  reduce 100


state 121
	exp : exp '<' exp3 .  (99)

	.  reduce 99


state 122
	exp : exp '>' exp2 .  (102)

	.  reduce 102


state 123
	exp : exp '>' exp3 .  (101)

	.  reduce 101


state 124
	exp : exp '=' exp2 .  (104)

	.  reduce 104


state 125
	exp : exp '=' exp3 .  (103)

	.  reduce 103


state 126
	func : REAL ID '(' listexp3 ')' NEWLINE . STARTBLOCK func2 ENDENDBLOCK NEWLINE  (22)

	STARTBLOCK  shift 147
	.  error


state 127
	func : INTEGER ID '(' listexp3 ')' NEWLINE . STARTBLOCK func2 ENDENDBLOCK NEWLINE  (23)

	STARTBLOCK  shift 148
	.  error


state 128
	init3 : '-' intorreal .  (11)

	.  reduce 11


state 129
	init2 : '[' init3 ']' .  (9)

	.  reduce 9


state 130
	init3 : init3 ',' . intorreal  (12)
	init3 : init3 ',' . '-' intorreal  (13)

	REALN  shift 28
	INT  shift 29
	'-'  shift 149
	.  error

	intorreal  goto 150


state 131
	memreserv2 : memreserv2 . '*' memreserv3  (130)
	memreserv2 : memreserv2 . '*' memreserv4  (131)
	memreserv2 : memreserv2 . '/' memreserv3  (132)
	memreserv2 : memreserv2 . '/' memreserv4  (133)
	memreserv2 : memreserv2 . '+' memreserv3  (134)
	memreserv2 : memreserv2 . '+' memreserv4  (135)
	memreserv2 : memreserv2 . '-' memreserv3  (136)
	memreserv2 : memreserv2 . '-' memreserv4  (137)
	memreserv2 : memreserv2 . '%' memreserv3  (138)
	memreserv2 : memreserv2 . '%' memreserv4  (139)
	memreserv2 : memreserv2 . POT memreserv3  (140)
	memreserv2 : memreserv2 . POT memreserv4  (141)
	memreserv4 : '(' memreserv2 . ')'  (144)

	POT  shift 132
	'-'  shift 134
	')'  shift 151
	'+'  shift 135
	'*'  shift 136
	'/'  shift 137
	'%'  shift 138
	.  error


state 132
	memreserv2 : memreserv2 POT . memreserv3  (140)
	memreserv2 : memreserv2 POT . memreserv4  (141)

	ID  shift 81
	REALN  shift 28
	INT  shift 29
	'('  shift 83
	.  error

	memreserv3  goto 152
	memreserv4  goto 153
	intorreal  goto 87


state 133
	exp : ID '[' memreserv2 ']' . OPATR exp3  (111)
	exp : ID '[' memreserv2 ']' . OPATR exp2  (112)
	exp3 : ID '[' memreserv2 ']' .  (118)

	OPATR  shift 154
	AND  reduce 118
	OR  reduce 118
	THEN  reduce 118
	ELSE  reduce 118
	DO  reduce 118
	DONE  reduce 118
	MOREOREQUAL  reduce 118
	LESSOREQUAL  reduce 118
	NOTEQUAL  reduce 118
	POT  reduce 118
	NEWLINE  reduce 118
	'-'  reduce 118
	','  reduce 118
	')'  reduce 118
	'+'  reduce 118
	'*'  reduce 118
	'/'  reduce 118
	'%'  reduce 118
	'<'  reduce 118
	'>'  reduce 118
	'='  reduce 118
	'?'  reduce 118


state 134
	memreserv2 : memreserv2 '-' . memreserv3  (136)
	memreserv2 : memreserv2 '-' . memreserv4  (137)

	ID  shift 81
	REALN  shift 28
	INT  shift 29
	'('  shift 83
	.  error

	memreserv3  goto 155
	memreserv4  goto 156
	intorreal  goto 87


state 135
	memreserv2 : memreserv2 '+' . memreserv3  (134)
	memreserv2 : memreserv2 '+' . memreserv4  (135)

	ID  shift 81
	REALN  shift 28
	INT  shift 29
	'('  shift 83
	.  error

	memreserv3  goto 157
	memreserv4  goto 158
	intorreal  goto 87


state 136
	memreserv2 : memreserv2 '*' . memreserv3  (130)
	memreserv2 : memreserv2 '*' . memreserv4  (131)

	ID  shift 81
	REALN  shift 28
	INT  shift 29
	'('  shift 83
	.  error

	memreserv3  goto 159
	memreserv4  goto 160
	intorreal  goto 87


state 137
	memreserv2 : memreserv2 '/' . memreserv3  (132)
	memreserv2 : memreserv2 '/' . memreserv4  (133)

	ID  shift 81
	REALN  shift 28
	INT  shift 29
	'('  shift 83
	.  error

	memreserv3  goto 161
	memreserv4  goto 162
	intorreal  goto 87


state 138
	memreserv2 : memreserv2 '%' . memreserv3  (138)
	memreserv2 : memreserv2 '%' . memreserv4  (139)

	ID  shift 81
	REALN  shift 28
	INT  shift 29
	'('  shift 83
	.  error

	memreserv3  goto 163
	memreserv4  goto 164
	intorreal  goto 87


state 139
	exp3 : ID '(' listexp ')' .  (117)

	.  reduce 117


state 140
	listexp : listexp2 ',' . exp  (36)
	listexp2 : listexp2 ',' . exp  (38)

	NOT  shift 24
	PLUSONE  shift 25
	MINUSONE  shift 26
	ID  shift 54
	REALN  shift 28
	INT  shift 29
	'-'  shift 30
	'('  shift 97
	'@'  shift 32
	.  error

	exp  goto 165
	exp2  goto 37
	exp3  goto 38
	intorreal  goto 39


state 141
	exp5 : '(' exp5 AND exp . ')'  (79)
	exp5 : exp5 AND exp .  (80)
	exp : exp . '-' exp3  (87)
	exp : exp . '-' exp2  (88)
	exp : exp . '+' exp3  (89)
	exp : exp . '+' exp2  (90)
	exp : exp . '*' exp3  (91)
	exp : exp . '*' exp2  (92)
	exp : exp . '/' exp3  (93)
	exp : exp . '/' exp2  (94)
	exp : exp . '%' exp3  (95)
	exp : exp . '%' exp2  (96)
	exp : exp . POT exp3  (97)
	exp : exp . POT exp2  (98)
	exp : exp . '<' exp3  (99)
	exp : exp . '<' exp2  (100)
	exp : exp . '>' exp3  (101)
	exp : exp . '>' exp2  (102)
	exp : exp . '=' exp3  (103)
	exp : exp . '=' exp2  (104)
	exp : exp . MOREOREQUAL exp3  (105)
	exp : exp . MOREOREQUAL exp2  (106)
	exp : exp . LESSOREQUAL exp3  (107)
	exp : exp . LESSOREQUAL exp2  (108)
	exp : exp . NOTEQUAL exp3  (109)
	exp : exp . NOTEQUAL exp2  (110)
	exp : exp . '?'  (113)

	MOREOREQUAL  shift 62
	LESSOREQUAL  shift 63
	NOTEQUAL  shift 64
	POT  shift 65
	'-'  shift 66
	')'  shift 166
	'+'  shift 67
	'*'  shift 68
	'/'  shift 69
	'%'  shift 70
	'<'  shift 71
	'>'  shift 72
	'='  shift 73
	'?'  shift 74
	AND  reduce 80
	OR  reduce 80


state 142
	exp5 : '(' exp5 OR exp . ')'  (81)
	exp5 : exp5 OR exp .  (82)
	exp : exp . '-' exp3  (87)
	exp : exp . '-' exp2  (88)
	exp : exp . '+' exp3  (89)
	exp : exp . '+' exp2  (90)
	exp : exp . '*' exp3  (91)
	exp : exp . '*' exp2  (92)
	exp : exp . '/' exp3  (93)
	exp : exp . '/' exp2  (94)
	exp : exp . '%' exp3  (95)
	exp : exp . '%' exp2  (96)
	exp : exp . POT exp3  (97)
	exp : exp . POT exp2  (98)
	exp : exp . '<' exp3  (99)
	exp : exp . '<' exp2  (100)
	exp : exp . '>' exp3  (101)
	exp : exp . '>' exp2  (102)
	exp : exp . '=' exp3  (103)
	exp : exp . '=' exp2  (104)
	exp : exp . MOREOREQUAL exp3  (105)
	exp : exp . MOREOREQUAL exp2  (106)
	exp : exp . LESSOREQUAL exp3  (107)
	exp : exp . LESSOREQUAL exp2  (108)
	exp : exp . NOTEQUAL exp3  (109)
	exp : exp . NOTEQUAL exp2  (110)
	exp : exp . '?'  (113)

	MOREOREQUAL  shift 62
	LESSOREQUAL  shift 63
	NOTEQUAL  shift 64
	POT  shift 65
	'-'  shift 66
	')'  shift 167
	'+'  shift 67
	'*'  shift 68
	'/'  shift 69
	'%'  shift 70
	'<'  shift 71
	'>'  shift 72
	'='  shift 73
	'?'  shift 74
	AND  reduce 82
	OR  reduce 82


state 143
	func : ID '(' listexp3 ')' NEWLINE STARTBLOCK . func2 ENDENDBLOCK NEWLINE  (24)

	NOT  shift 24
	IF  shift 168
	WHILE  shift 169
	DO  shift 170
	BREAK  shift 171
	CONTINUE  shift 172
	CONST  shift 173
	VAR  shift 174
	PLUSONE  shift 25
	MINUSONE  shift 26
	ID  shift 175
	STRING  shift 176
	REALN  shift 28
	INT  shift 29
	'['  shift 177
	'-'  shift 30
	'('  shift 31
	'@'  shift 32
	.  error

	func2  goto 178
	breakcontinue  goto 179
	dec  goto 180
	ints  goto 181
	exp4  goto 182
	exp5  goto 183
	exp6  goto 184
	exp  goto 36
	exp2  goto 37
	exp3  goto 38
	memreserv  goto 185
	print  goto 186
	print2  goto 187
	intorreal  goto 39


state 144
	listexp3 : listexp4 ',' ID '[' . ']'  (28)
	listexp4 : listexp4 ',' ID '[' . ']'  (32)
	exp : ID '[' . memreserv2 ']' OPATR exp3  (111)
	exp : ID '[' . memreserv2 ']' OPATR exp2  (112)
	exp3 : ID '[' . memreserv2 ']'  (118)

	ID  shift 81
	REALN  shift 28
	INT  shift 29
	']'  shift 188
	'('  shift 83
	.  error

	memreserv2  goto 84
	memreserv3  goto 85
	memreserv4  goto 86
	intorreal  goto 87


state 145
	exp : exp . '-' exp3  (87)
	exp : exp . '-' exp2  (88)
	exp : exp . '+' exp3  (89)
	exp : exp . '+' exp2  (90)
	exp : exp . '*' exp3  (91)
	exp : exp . '*' exp2  (92)
	exp : exp . '/' exp3  (93)
	exp : exp . '/' exp2  (94)
	exp : exp . '%' exp3  (95)
	exp : exp . '%' exp2  (96)
	exp : exp . POT exp3  (97)
	exp : exp . POT exp2  (98)
	exp : exp . '<' exp3  (99)
	exp : exp . '<' exp2  (100)
	exp : exp . '>' exp3  (101)
	exp : exp . '>' exp2  (102)
	exp : exp . '=' exp3  (103)
	exp : exp . '=' exp2  (104)
	exp : exp . MOREOREQUAL exp3  (105)
	exp : exp . MOREOREQUAL exp2  (106)
	exp : exp . LESSOREQUAL exp3  (107)
	exp : exp . LESSOREQUAL exp2  (108)
	exp : exp . NOTEQUAL exp3  (109)
	exp : exp . NOTEQUAL exp2  (110)
	exp : exp . '?'  (113)
	exp2 : '(' exp . ')'  (114)

	MOREOREQUAL  shift 62
	LESSOREQUAL  shift 63
	NOTEQUAL  shift 64
	POT  shift 65
	'-'  shift 66
	')'  shift 94
	'+'  shift 67
	'*'  shift 68
	'/'  shift 69
	'%'  shift 70
	'<'  shift 71
	'>'  shift 72
	'='  shift 73
	'?'  shift 74
	.  error


state 146
	exp3 : ID '[' . memreserv2 ']'  (118)

	ID  shift 81
	REALN  shift 28
	INT  shift 29
	'('  shift 83
	.  error

	memreserv2  goto 189
	memreserv3  goto 85
	memreserv4  goto 86
	intorreal  goto 87


state 147
	func : REAL ID '(' listexp3 ')' NEWLINE STARTBLOCK . func2 ENDENDBLOCK NEWLINE  (22)

	NOT  shift 24
	IF  shift 168
	WHILE  shift 169
	DO  shift 170
	BREAK  shift 171
	CONTINUE  shift 172
	CONST  shift 173
	VAR  shift 174
	PLUSONE  shift 25
	MINUSONE  shift 26
	ID  shift 175
	STRING  shift 176
	REALN  shift 28
	INT  shift 29
	'['  shift 177
	'-'  shift 30
	'('  shift 31
	'@'  shift 32
	.  error

	func2  goto 190
	breakcontinue  goto 179
	dec  goto 180
	ints  goto 181
	exp4  goto 182
	exp5  goto 183
	exp6  goto 184
	exp  goto 36
	exp2  goto 37
	exp3  goto 38
	memreserv  goto 185
	print  goto 186
	print2  goto 187
	intorreal  goto 39


state 148
	func : INTEGER ID '(' listexp3 ')' NEWLINE STARTBLOCK . func2 ENDENDBLOCK NEWLINE  (23)

	NOT  shift 24
	IF  shift 168
	WHILE  shift 169
	DO  shift 170
	BREAK  shift 171
	CONTINUE  shift 172
	CONST  shift 173
	VAR  shift 174
	PLUSONE  shift 25
	MINUSONE  shift 26
	ID  shift 175
	STRING  shift 176
	REALN  shift 28
	INT  shift 29
	'['  shift 177
	'-'  shift 30
	'('  shift 31
	'@'  shift 32
	.  error

	func2  goto 191
	breakcontinue  goto 179
	dec  goto 180
	ints  goto 181
	exp4  goto 182
	exp5  goto 183
	exp6  goto 184
	exp  goto 36
	exp2  goto 37
	exp3  goto 38
	memreserv  goto 185
	print  goto 186
	print2  goto 187
	intorreal  goto 39


state 149
	init3 : init3 ',' '-' . intorreal  (13)

	REALN  shift 28
	INT  shift 29
	.  error

	intorreal  goto 192


state 150
	init3 : init3 ',' intorreal .  (12)

	.  reduce 12


state 151
	memreserv4 : '(' memreserv2 ')' .  (144)

	.  reduce 144


state 152
	memreserv2 : memreserv2 POT memreserv3 .  (140)

	.  reduce 140


state 153
	memreserv2 : memreserv2 POT memreserv4 .  (141)

	.  reduce 141


state 154
	exp : ID '[' memreserv2 ']' OPATR . exp3  (111)
	exp : ID '[' memreserv2 ']' OPATR . exp2  (112)

	NOT  shift 24
	PLUSONE  shift 25
	MINUSONE  shift 26
	ID  shift 101
	REALN  shift 28
	INT  shift 29
	'-'  shift 30
	'('  shift 97
	'@'  shift 32
	.  error

	exp2  goto 193
	exp3  goto 194
	intorreal  goto 39


state 155
	memreserv2 : memreserv2 '-' memreserv3 .  (136)

	.  reduce 136


state 156
	memreserv2 : memreserv2 '-' memreserv4 .  (137)

	.  reduce 137


state 157
	memreserv2 : memreserv2 '+' memreserv3 .  (134)

	.  reduce 134


state 158
	memreserv2 : memreserv2 '+' memreserv4 .  (135)

	.  reduce 135


state 159
	memreserv2 : memreserv2 '*' memreserv3 .  (130)

	.  reduce 130


state 160
	memreserv2 : memreserv2 '*' memreserv4 .  (131)

	.  reduce 131


state 161
	memreserv2 : memreserv2 '/' memreserv3 .  (132)

	.  reduce 132


state 162
	memreserv2 : memreserv2 '/' memreserv4 .  (133)

	.  reduce 133


state 163
	memreserv2 : memreserv2 '%' memreserv3 .  (138)

	.  reduce 138


state 164
	memreserv2 : memreserv2 '%' memreserv4 .  (139)

	.  reduce 139


state 165
	listexp : listexp2 ',' exp .  (36)
	listexp2 : listexp2 ',' exp .  (38)
	exp : exp . '-' exp3  (87)
	exp : exp . '-' exp2  (88)
	exp : exp . '+' exp3  (89)
	exp : exp . '+' exp2  (90)
	exp : exp . '*' exp3  (91)
	exp : exp . '*' exp2  (92)
	exp : exp . '/' exp3  (93)
	exp : exp . '/' exp2  (94)
	exp : exp . '%' exp3  (95)
	exp : exp . '%' exp2  (96)
	exp : exp . POT exp3  (97)
	exp : exp . POT exp2  (98)
	exp : exp . '<' exp3  (99)
	exp : exp . '<' exp2  (100)
	exp : exp . '>' exp3  (101)
	exp : exp . '>' exp2  (102)
	exp : exp . '=' exp3  (103)
	exp : exp . '=' exp2  (104)
	exp : exp . MOREOREQUAL exp3  (105)
	exp : exp . MOREOREQUAL exp2  (106)
	exp : exp . LESSOREQUAL exp3  (107)
	exp : exp . LESSOREQUAL exp2  (108)
	exp : exp . NOTEQUAL exp3  (109)
	exp : exp . NOTEQUAL exp2  (110)
	exp : exp . '?'  (113)

	MOREOREQUAL  shift 62
	LESSOREQUAL  shift 63
	NOTEQUAL  shift 64
	POT  shift 65
	'-'  shift 66
	'+'  shift 67
	'*'  shift 68
	'/'  shift 69
	'%'  shift 70
	'<'  shift 71
	'>'  shift 72
	'='  shift 73
	'?'  shift 74
	','  reduce 38
	')'  reduce 36


state 166
	exp5 : '(' exp5 AND exp ')' .  (79)

	.  reduce 79


state 167
	exp5 : '(' exp5 OR exp ')' .  (81)

	.  reduce 81


state 168
	ints : IF . exp5 THEN NEWLINE STARTBLOCK func2 ENDBLOCK elseif  (68)

	NOT  shift 24
	PLUSONE  shift 25
	MINUSONE  shift 26
	ID  shift 54
	REALN  shift 28
	INT  shift 29
	'-'  shift 30
	'('  shift 31
	'@'  shift 32
	.  error

	exp5  goto 195
	exp  goto 36
	exp2  goto 37
	exp3  goto 38
	intorreal  goto 39


state 169
	ints : WHILE . exp5 DO NEWLINE STARTBLOCK func2 ENDBLOCK elsecycle  (69)

	NOT  shift 24
	PLUSONE  shift 25
	MINUSONE  shift 26
	ID  shift 54
	REALN  shift 28
	INT  shift 29
	'-'  shift 30
	'('  shift 31
	'@'  shift 32
	.  error

	exp5  goto 196
	exp  goto 36
	exp2  goto 37
	exp3  goto 38
	intorreal  goto 39


state 170
	ints : DO . NEWLINE STARTBLOCK func2 ENDBLOCK UNTIL exp5 elsecycle  (70)

	NEWLINE  shift 197
	.  error


state 171
	breakcontinue : BREAK . NEWLINE  (51)
	breakcontinue : BREAK . INT NEWLINE  (53)

	NEWLINE  shift 198
	INT  shift 199
	.  error


state 172
	breakcontinue : CONTINUE . NEWLINE  (52)
	breakcontinue : CONTINUE . INT NEWLINE  (54)

	NEWLINE  shift 200
	INT  shift 201
	.  error


state 173
	dec : CONST . const2 NEWLINE  (56)

	ID  shift 202
	.  error

	const2  goto 203


state 174
	dec : VAR . type var NEWLINE  (55)
	type : .  (57)

	REAL  shift 204
	INTEGER  shift 205
	ID  reduce 57

	type  goto 206


state 175
	exp6 : ID . OPATR exp6  (84)
	exp : ID . '[' memreserv2 ']' OPATR exp3  (111)
	exp : ID . '[' memreserv2 ']' OPATR exp2  (112)
	exp3 : ID .  (115)
	exp3 : ID . '(' listexp ')'  (117)
	exp3 : ID . '[' memreserv2 ']'  (118)
	exp3 : ID . PLUSONE  (121)
	exp3 : ID . MINUSONE  (122)

	OPATR  shift 207
	PLUSONE  shift 48
	MINUSONE  shift 49
	'['  shift 91
	'('  shift 51
	AND  reduce 115
	OR  reduce 115
	MOREOREQUAL  reduce 115
	LESSOREQUAL  reduce 115
	NOTEQUAL  reduce 115
	POT  reduce 115
	NEWLINE  reduce 115
	'-'  reduce 115
	'+'  reduce 115
	'*'  reduce 115
	'/'  reduce 115
	'%'  reduce 115
	'<'  reduce 115
	'>'  reduce 115
	'='  reduce 115
	'?'  reduce 115


state 176
	print2 : STRING .  (147)
	print2 : STRING . '*' print3  (152)

	'*'  shift 208
	PRINTLN  reduce 147
	'+'  reduce 147
	'!'  reduce 147


state 177
	memreserv : '[' . ID ']' '=' memreserv2 NEWLINE  (127)

	ID  shift 209
	.  error


state 178
	func : ID '(' listexp3 ')' NEWLINE STARTBLOCK func2 . ENDENDBLOCK NEWLINE  (24)
	func2 : func2 . dec  (45)
	func2 : func2 . ints  (46)
	func2 : func2 . exp4  (47)
	func2 : func2 . memreserv  (48)
	func2 : func2 . print  (49)
	func2 : func2 . breakcontinue  (50)

	NOT  shift 24
	IF  shift 168
	WHILE  shift 169
	DO  shift 170
	BREAK  shift 171
	CONTINUE  shift 172
	CONST  shift 173
	VAR  shift 174
	PLUSONE  shift 25
	MINUSONE  shift 26
	ENDENDBLOCK  shift 210
	ID  shift 175
	STRING  shift 176
	REALN  shift 28
	INT  shift 29
	'['  shift 177
	'-'  shift 30
	'('  shift 31
	'@'  shift 32
	.  error

	breakcontinue  goto 211
	dec  goto 212
	ints  goto 213
	exp4  goto 214
	exp5  goto 183
	exp6  goto 184
	exp  goto 36
	exp2  goto 37
	exp3  goto 38
	memreserv  goto 215
	print  goto 216
	print2  goto 187
	intorreal  goto 39


state 179
	func2 : breakcontinue .  (44)

	.  reduce 44


state 180
	func2 : dec .  (39)

	.  reduce 39


state 181
	func2 : ints .  (40)

	.  reduce 40


state 182
	func2 : exp4 .  (41)

	.  reduce 41


state 183
	exp5 : exp5 . AND exp  (80)
	exp5 : exp5 . OR exp  (82)
	exp6 : exp5 .  (83)

	AND  shift 60
	OR  shift 61
	NEWLINE  reduce 83


state 184
	exp4 : exp6 . NEWLINE  (77)

	NEWLINE  shift 217
	.  error


state 185
	func2 : memreserv .  (42)

	.  reduce 42


state 186
	func2 : print .  (43)

	.  reduce 43


state 187
	print : print2 . '!' NEWLINE  (145)
	print : print2 . PRINTLN NEWLINE  (146)
	print2 : print2 . '+' ID  (148)
	print2 : print2 . '+' ID '(' listexp ')'  (149)
	print2 : print2 . '+' STRING  (150)
	print2 : print2 . '+' INT  (151)
	print2 : print2 . '+' STRING '*' print3  (153)

	PRINTLN  shift 218
	'+'  shift 219
	'!'  shift 220
	.  error


state 188
	listexp3 : listexp4 ',' ID '[' ']' .  (28)
	listexp4 : listexp4 ',' ID '[' ']' .  (32)

	','  reduce 32
	')'  reduce 28


state 189
	exp3 : ID '[' memreserv2 . ']'  (118)
	memreserv2 : memreserv2 . '*' memreserv3  (130)
	memreserv2 : memreserv2 . '*' memreserv4  (131)
	memreserv2 : memreserv2 . '/' memreserv3  (132)
	memreserv2 : memreserv2 . '/' memreserv4  (133)
	memreserv2 : memreserv2 . '+' memreserv3  (134)
	memreserv2 : memreserv2 . '+' memreserv4  (135)
	memreserv2 : memreserv2 . '-' memreserv3  (136)
	memreserv2 : memreserv2 . '-' memreserv4  (137)
	memreserv2 : memreserv2 . '%' memreserv3  (138)
	memreserv2 : memreserv2 . '%' memreserv4  (139)
	memreserv2 : memreserv2 . POT memreserv3  (140)
	memreserv2 : memreserv2 . POT memreserv4  (141)

	POT  shift 132
	']'  shift 221
	'-'  shift 134
	'+'  shift 135
	'*'  shift 136
	'/'  shift 137
	'%'  shift 138
	.  error


state 190
	func : REAL ID '(' listexp3 ')' NEWLINE STARTBLOCK func2 . ENDENDBLOCK NEWLINE  (22)
	func2 : func2 . dec  (45)
	func2 : func2 . ints  (46)
	func2 : func2 . exp4  (47)
	func2 : func2 . memreserv  (48)
	func2 : func2 . print  (49)
	func2 : func2 . breakcontinue  (50)

	NOT  shift 24
	IF  shift 168
	WHILE  shift 169
	DO  shift 170
	BREAK  shift 171
	CONTINUE  shift 172
	CONST  shift 173
	VAR  shift 174
	PLUSONE  shift 25
	MINUSONE  shift 26
	ENDENDBLOCK  shift 222
	ID  shift 175
	STRING  shift 176
	REALN  shift 28
	INT  shift 29
	'['  shift 177
	'-'  shift 30
	'('  shift 31
	'@'  shift 32
	.  error

	breakcontinue  goto 211
	dec  goto 212
	ints  goto 213
	exp4  goto 214
	exp5  goto 183
	exp6  goto 184
	exp  goto 36
	exp2  goto 37
	exp3  goto 38
	memreserv  goto 215
	print  goto 216
	print2  goto 187
	intorreal  goto 39


state 191
	func : INTEGER ID '(' listexp3 ')' NEWLINE STARTBLOCK func2 . ENDENDBLOCK NEWLINE  (23)
	func2 : func2 . dec  (45)
	func2 : func2 . ints  (46)
	func2 : func2 . exp4  (47)
	func2 : func2 . memreserv  (48)
	func2 : func2 . print  (49)
	func2 : func2 . breakcontinue  (50)

	NOT  shift 24
	IF  shift 168
	WHILE  shift 169
	DO  shift 170
	BREAK  shift 171
	CONTINUE  shift 172
	CONST  shift 173
	VAR  shift 174
	PLUSONE  shift 25
	MINUSONE  shift 26
	ENDENDBLOCK  shift 223
	ID  shift 175
	STRING  shift 176
	REALN  shift 28
	INT  shift 29
	'['  shift 177
	'-'  shift 30
	'('  shift 31
	'@'  shift 32
	.  error

	breakcontinue  goto 211
	dec  goto 212
	ints  goto 213
	exp4  goto 214
	exp5  goto 183
	exp6  goto 184
	exp  goto 36
	exp2  goto 37
	exp3  goto 38
	memreserv  goto 215
	print  goto 216
	print2  goto 187
	intorreal  goto 39


state 192
	init3 : init3 ',' '-' intorreal .  (13)

	.  reduce 13


state 193
	exp : ID '[' memreserv2 ']' OPATR exp2 .  (112)

	.  reduce 112


state 194
	exp : ID '[' memreserv2 ']' OPATR exp3 .  (111)

	.  reduce 111


state 195
	ints : IF exp5 . THEN NEWLINE STARTBLOCK func2 ENDBLOCK elseif  (68)
	exp5 : exp5 . AND exp  (80)
	exp5 : exp5 . OR exp  (82)

	AND  shift 60
	OR  shift 61
	THEN  shift 224
	.  error


state 196
	ints : WHILE exp5 . DO NEWLINE STARTBLOCK func2 ENDBLOCK elsecycle  (69)
	exp5 : exp5 . AND exp  (80)
	exp5 : exp5 . OR exp  (82)

	AND  shift 60
	OR  shift 61
	DO  shift 225
	.  error


state 197
	ints : DO NEWLINE . STARTBLOCK func2 ENDBLOCK UNTIL exp5 elsecycle  (70)

	STARTBLOCK  shift 226
	.  error


state 198
	breakcontinue : BREAK NEWLINE .  (51)

	.  reduce 51


state 199
	breakcontinue : BREAK INT . NEWLINE  (53)

	NEWLINE  shift 227
	.  error


state 200
	breakcontinue : CONTINUE NEWLINE .  (52)

	.  reduce 52


state 201
	breakcontinue : CONTINUE INT . NEWLINE  (54)

	NEWLINE  shift 228
	.  error


state 202
	const2 : ID . OPATR const  (17)
	const2 : ID . ',' const2 ',' const  (18)

	OPATR  shift 229
	','  shift 230
	.  error


state 203
	dec : CONST const2 . NEWLINE  (56)

	NEWLINE  shift 231
	.  error


state 204
	type : REAL .  (58)

	.  reduce 58


state 205
	type : INTEGER .  (59)

	.  reduce 59


state 206
	dec : VAR type . var NEWLINE  (55)

	ID  shift 232
	.  error

	var  goto 233


state 207
	exp6 : ID OPATR . exp6  (84)

	NOT  shift 24
	PLUSONE  shift 25
	MINUSONE  shift 26
	ID  shift 175
	REALN  shift 28
	INT  shift 29
	'-'  shift 30
	'('  shift 31
	'@'  shift 32
	.  error

	exp5  goto 183
	exp6  goto 234
	exp  goto 36
	exp2  goto 37
	exp3  goto 38
	intorreal  goto 39


state 208
	print2 : STRING '*' . print3  (152)

	ID  shift 235
	REALN  shift 28
	INT  shift 29
	.  error

	print3  goto 236
	intorreal  goto 237


state 209
	memreserv : '[' ID . ']' '=' memreserv2 NEWLINE  (127)

	']'  shift 238
	.  error


state 210
	func : ID '(' listexp3 ')' NEWLINE STARTBLOCK func2 ENDENDBLOCK . NEWLINE  (24)

	NEWLINE  shift 239
	.  error


state 211
	func2 : func2 breakcontinue .  (50)

	.  reduce 50


state 212
	func2 : func2 dec .  (45)

	.  reduce 45


state 213
	func2 : func2 ints .  (46)

	.  reduce 46


state 214
	func2 : func2 exp4 .  (47)

	.  reduce 47


state 215
	func2 : func2 memreserv .  (48)

	.  reduce 48


state 216
	func2 : func2 print .  (49)

	.  reduce 49


state 217
	exp4 : exp6 NEWLINE .  (77)

	.  reduce 77


state 218
	print : print2 PRINTLN . NEWLINE  (146)

	NEWLINE  shift 240
	.  error


state 219
	print2 : print2 '+' . ID  (148)
	print2 : print2 '+' . ID '(' listexp ')'  (149)
	print2 : print2 '+' . STRING  (150)
	print2 : print2 '+' . INT  (151)
	print2 : print2 '+' . STRING '*' print3  (153)

	ID  shift 241
	STRING  shift 242
	INT  shift 243
	.  error


state 220
	print : print2 '!' . NEWLINE  (145)

	NEWLINE  shift 244
	.  error


state 221
	exp3 : ID '[' memreserv2 ']' .  (118)

	.  reduce 118


state 222
	func : REAL ID '(' listexp3 ')' NEWLINE STARTBLOCK func2 ENDENDBLOCK . NEWLINE  (22)

	NEWLINE  shift 245
	.  error


state 223
	func : INTEGER ID '(' listexp3 ')' NEWLINE STARTBLOCK func2 ENDENDBLOCK . NEWLINE  (23)

	NEWLINE  shift 246
	.  error


state 224
	ints : IF exp5 THEN . NEWLINE STARTBLOCK func2 ENDBLOCK elseif  (68)

	NEWLINE  shift 247
	.  error


state 225
	ints : WHILE exp5 DO . NEWLINE STARTBLOCK func2 ENDBLOCK elsecycle  (69)

	NEWLINE  shift 248
	.  error


state 226
	ints : DO NEWLINE STARTBLOCK . func2 ENDBLOCK UNTIL exp5 elsecycle  (70)

	NOT  shift 24
	IF  shift 168
	WHILE  shift 169
	DO  shift 170
	BREAK  shift 171
	CONTINUE  shift 172
	CONST  shift 173
	VAR  shift 174
	PLUSONE  shift 25
	MINUSONE  shift 26
	ID  shift 175
	STRING  shift 176
	REALN  shift 28
	INT  shift 29
	'['  shift 177
	'-'  shift 30
	'('  shift 31
	'@'  shift 32
	.  error

	func2  goto 249
	breakcontinue  goto 179
	dec  goto 180
	ints  goto 181
	exp4  goto 182
	exp5  goto 183
	exp6  goto 184
	exp  goto 36
	exp2  goto 37
	exp3  goto 38
	memreserv  goto 185
	print  goto 186
	print2  goto 187
	intorreal  goto 39


state 227
	breakcontinue : BREAK INT NEWLINE .  (53)

	.  reduce 53


state 228
	breakcontinue : CONTINUE INT NEWLINE .  (54)

	.  reduce 54


state 229
	const2 : ID OPATR . const  (17)

	STRING  shift 250
	REALN  shift 28
	INT  shift 29
	'['  shift 42
	.  error

	init2  goto 251
	const  goto 252
	intorreal  goto 253


state 230
	const2 : ID ',' . const2 ',' const  (18)

	ID  shift 202
	.  error

	const2  goto 254


state 231
	dec : CONST const2 NEWLINE .  (56)

	.  reduce 56


state 232
	var : ID .  (60)
	var : ID . '[' ']'  (61)
	var : ID . '[' INT ']'  (62)
	var : ID . '[' ID ']'  (63)

	'['  shift 255
	NEWLINE  reduce 60
	','  reduce 60


state 233
	dec : VAR type var . NEWLINE  (55)
	var : var . ',' ID  (64)
	var : var . ',' ID '[' ']'  (65)
	var : var . ',' ID '[' INT ']'  (66)
	var : var . ',' ID '[' ID ']'  (67)

	NEWLINE  shift 256
	','  shift 257
	.  error


state 234
	exp6 : ID OPATR exp6 .  (84)

	.  reduce 84


state 235
	print3 : ID .  (154)

	.  reduce 154


state 236
	print2 : STRING '*' print3 .  (152)
	print3 : print3 . '*' ID  (156)
	print3 : print3 . '*' intorreal  (157)

	'*'  shift 258
	PRINTLN  reduce 152
	'+'  reduce 152
	'!'  reduce 152


state 237
	print3 : intorreal .  (155)

	.  reduce 155


state 238
	memreserv : '[' ID ']' . '=' memreserv2 NEWLINE  (127)

	'='  shift 259
	.  error


state 239
	func : ID '(' listexp3 ')' NEWLINE STARTBLOCK func2 ENDENDBLOCK NEWLINE .  (24)

	.  reduce 24


state 240
	print : print2 PRINTLN NEWLINE .  (146)

	.  reduce 146


state 241
	print2 : print2 '+' ID .  (148)
	print2 : print2 '+' ID . '(' listexp ')'  (149)

	'('  shift 260
	PRINTLN  reduce 148
	'+'  reduce 148
	'!'  reduce 148


state 242
	print2 : print2 '+' STRING .  (150)
	print2 : print2 '+' STRING . '*' print3  (153)

	'*'  shift 261
	PRINTLN  reduce 150
	'+'  reduce 150
	'!'  reduce 150


state 243
	print2 : print2 '+' INT .  (151)

	.  reduce 151


state 244
	print : print2 '!' NEWLINE .  (145)

	.  reduce 145


state 245
	func : REAL ID '(' listexp3 ')' NEWLINE STARTBLOCK func2 ENDENDBLOCK NEWLINE .  (22)

	.  reduce 22


state 246
	func : INTEGER ID '(' listexp3 ')' NEWLINE STARTBLOCK func2 ENDENDBLOCK NEWLINE .  (23)

	.  reduce 23


state 247
	ints : IF exp5 THEN NEWLINE . STARTBLOCK func2 ENDBLOCK elseif  (68)

	STARTBLOCK  shift 262
	.  error


state 248
	ints : WHILE exp5 DO NEWLINE . STARTBLOCK func2 ENDBLOCK elsecycle  (69)

	STARTBLOCK  shift 263
	.  error


state 249
	func2 : func2 . dec  (45)
	func2 : func2 . ints  (46)
	func2 : func2 . exp4  (47)
	func2 : func2 . memreserv  (48)
	func2 : func2 . print  (49)
	func2 : func2 . breakcontinue  (50)
	ints : DO NEWLINE STARTBLOCK func2 . ENDBLOCK UNTIL exp5 elsecycle  (70)

	NOT  shift 24
	IF  shift 168
	WHILE  shift 169
	DO  shift 170
	BREAK  shift 171
	CONTINUE  shift 172
	CONST  shift 173
	VAR  shift 174
	PLUSONE  shift 25
	MINUSONE  shift 26
	ENDBLOCK  shift 264
	ID  shift 175
	STRING  shift 176
	REALN  shift 28
	INT  shift 29
	'['  shift 177
	'-'  shift 30
	'('  shift 31
	'@'  shift 32
	.  error

	breakcontinue  goto 211
	dec  goto 212
	ints  goto 213
	exp4  goto 214
	exp5  goto 183
	exp6  goto 184
	exp  goto 36
	exp2  goto 37
	exp3  goto 38
	memreserv  goto 215
	print  goto 216
	print2  goto 187
	intorreal  goto 39


state 250
	const : STRING .  (20)

	.  reduce 20


state 251
	const : init2 .  (19)

	.  reduce 19


state 252
	const2 : ID OPATR const .  (17)

	.  reduce 17


state 253
	const : intorreal .  (21)

	.  reduce 21


state 254
	const2 : ID ',' const2 . ',' const  (18)

	','  shift 265
	.  error


state 255
	var : ID '[' . ']'  (61)
	var : ID '[' . INT ']'  (62)
	var : ID '[' . ID ']'  (63)

	ID  shift 266
	INT  shift 267
	']'  shift 268
	.  error


state 256
	dec : VAR type var NEWLINE .  (55)

	.  reduce 55


state 257
	var : var ',' . ID  (64)
	var : var ',' . ID '[' ']'  (65)
	var : var ',' . ID '[' INT ']'  (66)
	var : var ',' . ID '[' ID ']'  (67)

	ID  shift 269
	.  error


state 258
	print3 : print3 '*' . ID  (156)
	print3 : print3 '*' . intorreal  (157)

	ID  shift 270
	REALN  shift 28
	INT  shift 29
	.  error

	intorreal  goto 271


state 259
	memreserv : '[' ID ']' '=' . memreserv2 NEWLINE  (127)

	ID  shift 81
	REALN  shift 28
	INT  shift 29
	'('  shift 83
	.  error

	memreserv2  goto 272
	memreserv3  goto 85
	memreserv4  goto 86
	intorreal  goto 87


state 260
	print2 : print2 '+' ID '(' . listexp ')'  (149)
	listexp : .  (34)

	NOT  shift 24
	PLUSONE  shift 25
	MINUSONE  shift 26
	ID  shift 54
	REALN  shift 28
	INT  shift 29
	'-'  shift 30
	'('  shift 31
	'@'  shift 32
	')'  reduce 34

	listexp  goto 273
	listexp2  goto 89
	exp5  goto 90
	exp  goto 36
	exp2  goto 37
	exp3  goto 38
	intorreal  goto 39


state 261
	print2 : print2 '+' STRING '*' . print3  (153)

	ID  shift 235
	REALN  shift 28
	INT  shift 29
	.  error

	print3  goto 274
	intorreal  goto 237


state 262
	ints : IF exp5 THEN NEWLINE STARTBLOCK . func2 ENDBLOCK elseif  (68)

	NOT  shift 24
	IF  shift 168
	WHILE  shift 169
	DO  shift 170
	BREAK  shift 171
	CONTINUE  shift 172
	CONST  shift 173
	VAR  shift 174
	PLUSONE  shift 25
	MINUSONE  shift 26
	ID  shift 175
	STRING  shift 176
	REALN  shift 28
	INT  shift 29
	'['  shift 177
	'-'  shift 30
	'('  shift 31
	'@'  shift 32
	.  error

	func2  goto 275
	breakcontinue  goto 179
	dec  goto 180
	ints  goto 181
	exp4  goto 182
	exp5  goto 183
	exp6  goto 184
	exp  goto 36
	exp2  goto 37
	exp3  goto 38
	memreserv  goto 185
	print  goto 186
	print2  goto 187
	intorreal  goto 39


state 263
	ints : WHILE exp5 DO NEWLINE STARTBLOCK . func2 ENDBLOCK elsecycle  (69)

	NOT  shift 24
	IF  shift 168
	WHILE  shift 169
	DO  shift 170
	BREAK  shift 171
	CONTINUE  shift 172
	CONST  shift 173
	VAR  shift 174
	PLUSONE  shift 25
	MINUSONE  shift 26
	ID  shift 175
	STRING  shift 176
	REALN  shift 28
	INT  shift 29
	'['  shift 177
	'-'  shift 30
	'('  shift 31
	'@'  shift 32
	.  error

	func2  goto 276
	breakcontinue  goto 179
	dec  goto 180
	ints  goto 181
	exp4  goto 182
	exp5  goto 183
	exp6  goto 184
	exp  goto 36
	exp2  goto 37
	exp3  goto 38
	memreserv  goto 185
	print  goto 186
	print2  goto 187
	intorreal  goto 39


state 264
	ints : DO NEWLINE STARTBLOCK func2 ENDBLOCK . UNTIL exp5 elsecycle  (70)

	UNTIL  shift 277
	.  error


state 265
	const2 : ID ',' const2 ',' . const  (18)

	STRING  shift 250
	REALN  shift 28
	INT  shift 29
	'['  shift 42
	.  error

	init2  goto 251
	const  goto 278
	intorreal  goto 253


state 266
	var : ID '[' ID . ']'  (63)

	']'  shift 279
	.  error


state 267
	var : ID '[' INT . ']'  (62)

	']'  shift 280
	.  error


state 268
	var : ID '[' ']' .  (61)

	.  reduce 61


state 269
	var : var ',' ID .  (64)
	var : var ',' ID . '[' ']'  (65)
	var : var ',' ID . '[' INT ']'  (66)
	var : var ',' ID . '[' ID ']'  (67)

	'['  shift 281
	NEWLINE  reduce 64
	','  reduce 64


state 270
	print3 : print3 '*' ID .  (156)

	.  reduce 156


state 271
	print3 : print3 '*' intorreal .  (157)

	.  reduce 157


state 272
	memreserv : '[' ID ']' '=' memreserv2 . NEWLINE  (127)
	memreserv2 : memreserv2 . '*' memreserv3  (130)
	memreserv2 : memreserv2 . '*' memreserv4  (131)
	memreserv2 : memreserv2 . '/' memreserv3  (132)
	memreserv2 : memreserv2 . '/' memreserv4  (133)
	memreserv2 : memreserv2 . '+' memreserv3  (134)
	memreserv2 : memreserv2 . '+' memreserv4  (135)
	memreserv2 : memreserv2 . '-' memreserv3  (136)
	memreserv2 : memreserv2 . '-' memreserv4  (137)
	memreserv2 : memreserv2 . '%' memreserv3  (138)
	memreserv2 : memreserv2 . '%' memreserv4  (139)
	memreserv2 : memreserv2 . POT memreserv3  (140)
	memreserv2 : memreserv2 . POT memreserv4  (141)

	POT  shift 132
	NEWLINE  shift 282
	'-'  shift 134
	'+'  shift 135
	'*'  shift 136
	'/'  shift 137
	'%'  shift 138
	.  error


state 273
	print2 : print2 '+' ID '(' listexp . ')'  (149)

	')'  shift 283
	.  error


state 274
	print2 : print2 '+' STRING '*' print3 .  (153)
	print3 : print3 . '*' ID  (156)
	print3 : print3 . '*' intorreal  (157)

	'*'  shift 258
	PRINTLN  reduce 153
	'+'  reduce 153
	'!'  reduce 153


state 275
	func2 : func2 . dec  (45)
	func2 : func2 . ints  (46)
	func2 : func2 . exp4  (47)
	func2 : func2 . memreserv  (48)
	func2 : func2 . print  (49)
	func2 : func2 . breakcontinue  (50)
	ints : IF exp5 THEN NEWLINE STARTBLOCK func2 . ENDBLOCK elseif  (68)

	NOT  shift 24
	IF  shift 168
	WHILE  shift 169
	DO  shift 170
	BREAK  shift 171
	CONTINUE  shift 172
	CONST  shift 173
	VAR  shift 174
	PLUSONE  shift 25
	MINUSONE  shift 26
	ENDBLOCK  shift 284
	ID  shift 175
	STRING  shift 176
	REALN  shift 28
	INT  shift 29
	'['  shift 177
	'-'  shift 30
	'('  shift 31
	'@'  shift 32
	.  error

	breakcontinue  goto 211
	dec  goto 212
	ints  goto 213
	exp4  goto 214
	exp5  goto 183
	exp6  goto 184
	exp  goto 36
	exp2  goto 37
	exp3  goto 38
	memreserv  goto 215
	print  goto 216
	print2  goto 187
	intorreal  goto 39


state 276
	func2 : func2 . dec  (45)
	func2 : func2 . ints  (46)
	func2 : func2 . exp4  (47)
	func2 : func2 . memreserv  (48)
	func2 : func2 . print  (49)
	func2 : func2 . breakcontinue  (50)
	ints : WHILE exp5 DO NEWLINE STARTBLOCK func2 . ENDBLOCK elsecycle  (69)

	NOT  shift 24
	IF  shift 168
	WHILE  shift 169
	DO  shift 170
	BREAK  shift 171
	CONTINUE  shift 172
	CONST  shift 173
	VAR  shift 174
	PLUSONE  shift 25
	MINUSONE  shift 26
	ENDBLOCK  shift 285
	ID  shift 175
	STRING  shift 176
	REALN  shift 28
	INT  shift 29
	'['  shift 177
	'-'  shift 30
	'('  shift 31
	'@'  shift 32
	.  error

	breakcontinue  goto 211
	dec  goto 212
	ints  goto 213
	exp4  goto 214
	exp5  goto 183
	exp6  goto 184
	exp  goto 36
	exp2  goto 37
	exp3  goto 38
	memreserv  goto 215
	print  goto 216
	print2  goto 187
	intorreal  goto 39


state 277
	ints : DO NEWLINE STARTBLOCK func2 ENDBLOCK UNTIL . exp5 elsecycle  (70)

	NOT  shift 24
	PLUSONE  shift 25
	MINUSONE  shift 26
	ID  shift 54
	REALN  shift 28
	INT  shift 29
	'-'  shift 30
	'('  shift 31
	'@'  shift 32
	.  error

	exp5  goto 286
	exp  goto 36
	exp2  goto 37
	exp3  goto 38
	intorreal  goto 39


state 278
	const2 : ID ',' const2 ',' const .  (18)

	.  reduce 18


state 279
	var : ID '[' ID ']' .  (63)

	.  reduce 63


state 280
	var : ID '[' INT ']' .  (62)

	.  reduce 62


state 281
	var : var ',' ID '[' . ']'  (65)
	var : var ',' ID '[' . INT ']'  (66)
	var : var ',' ID '[' . ID ']'  (67)

	ID  shift 287
	INT  shift 288
	']'  shift 289
	.  error


state 282
	memreserv : '[' ID ']' '=' memreserv2 NEWLINE .  (127)

	.  reduce 127


state 283
	print2 : print2 '+' ID '(' listexp ')' .  (149)

	.  reduce 149


state 284
	ints : IF exp5 THEN NEWLINE STARTBLOCK func2 ENDBLOCK . elseif  (68)

	ELSE  shift 290
	ENDIF  shift 291
	.  error

	elseif  goto 292
	endelseif  goto 293


state 285
	ints : WHILE exp5 DO NEWLINE STARTBLOCK func2 ENDBLOCK . elsecycle  (69)

	ELSE  shift 294
	DONE  shift 295
	.  error

	elsecycle  goto 296
	endelsecycle  goto 297


state 286
	ints : DO NEWLINE STARTBLOCK func2 ENDBLOCK UNTIL exp5 . elsecycle  (70)
	exp5 : exp5 . AND exp  (80)
	exp5 : exp5 . OR exp  (82)

	AND  shift 60
	OR  shift 61
	ELSE  shift 294
	DONE  shift 295
	.  error

	elsecycle  goto 298
	endelsecycle  goto 297


state 287
	var : var ',' ID '[' ID . ']'  (67)

	']'  shift 299
	.  error


state 288
	var : var ',' ID '[' INT . ']'  (66)

	']'  shift 300
	.  error


state 289
	var : var ',' ID '[' ']' .  (65)

	.  reduce 65


state 290
	elseif : ELSE . NEWLINE STARTBLOCK func2 ENDBLOCK endelseif  (73)

	NEWLINE  shift 301
	.  error


state 291
	endelseif : ENDIF . NEWLINE  (76)

	NEWLINE  shift 302
	.  error


state 292
	ints : IF exp5 THEN NEWLINE STARTBLOCK func2 ENDBLOCK elseif .  (68)

	.  reduce 68


state 293
	elseif : endelseif .  (74)

	.  reduce 74


state 294
	elsecycle : ELSE . NEWLINE STARTBLOCK func2 ENDBLOCK endelsecycle  (71)

	NEWLINE  shift 303
	.  error


state 295
	endelsecycle : DONE . NEWLINE  (75)

	NEWLINE  shift 304
	.  error


state 296
	ints : WHILE exp5 DO NEWLINE STARTBLOCK func2 ENDBLOCK elsecycle .  (69)

	.  reduce 69


state 297
	elsecycle : endelsecycle .  (72)

	.  reduce 72


state 298
	ints : DO NEWLINE STARTBLOCK func2 ENDBLOCK UNTIL exp5 elsecycle .  (70)

	.  reduce 70


state 299
	var : var ',' ID '[' ID ']' .  (67)

	.  reduce 67


state 300
	var : var ',' ID '[' INT ']' .  (66)

	.  reduce 66


state 301
	elseif : ELSE NEWLINE . STARTBLOCK func2 ENDBLOCK endelseif  (73)

	STARTBLOCK  shift 305
	.  error


state 302
	endelseif : ENDIF NEWLINE .  (76)

	.  reduce 76


state 303
	elsecycle : ELSE NEWLINE . STARTBLOCK func2 ENDBLOCK endelsecycle  (71)

	STARTBLOCK  shift 306
	.  error


state 304
	endelsecycle : DONE NEWLINE .  (75)

	.  reduce 75


state 305
	elseif : ELSE NEWLINE STARTBLOCK . func2 ENDBLOCK endelseif  (73)

	NOT  shift 24
	IF  shift 168
	WHILE  shift 169
	DO  shift 170
	BREAK  shift 171
	CONTINUE  shift 172
	CONST  shift 173
	VAR  shift 174
	PLUSONE  shift 25
	MINUSONE  shift 26
	ID  shift 175
	STRING  shift 176
	REALN  shift 28
	INT  shift 29
	'['  shift 177
	'-'  shift 30
	'('  shift 31
	'@'  shift 32
	.  error

	func2  goto 307
	breakcontinue  goto 179
	dec  goto 180
	ints  goto 181
	exp4  goto 182
	exp5  goto 183
	exp6  goto 184
	exp  goto 36
	exp2  goto 37
	exp3  goto 38
	memreserv  goto 185
	print  goto 186
	print2  goto 187
	intorreal  goto 39


state 306
	elsecycle : ELSE NEWLINE STARTBLOCK . func2 ENDBLOCK endelsecycle  (71)

	NOT  shift 24
	IF  shift 168
	WHILE  shift 169
	DO  shift 170
	BREAK  shift 171
	CONTINUE  shift 172
	CONST  shift 173
	VAR  shift 174
	PLUSONE  shift 25
	MINUSONE  shift 26
	ID  shift 175
	STRING  shift 176
	REALN  shift 28
	INT  shift 29
	'['  shift 177
	'-'  shift 30
	'('  shift 31
	'@'  shift 32
	.  error

	func2  goto 308
	breakcontinue  goto 179
	dec  goto 180
	ints  goto 181
	exp4  goto 182
	exp5  goto 183
	exp6  goto 184
	exp  goto 36
	exp2  goto 37
	exp3  goto 38
	memreserv  goto 185
	print  goto 186
	print2  goto 187
	intorreal  goto 39


state 307
	func2 : func2 . dec  (45)
	func2 : func2 . ints  (46)
	func2 : func2 . exp4  (47)
	func2 : func2 . memreserv  (48)
	func2 : func2 . print  (49)
	func2 : func2 . breakcontinue  (50)
	elseif : ELSE NEWLINE STARTBLOCK func2 . ENDBLOCK endelseif  (73)

	NOT  shift 24
	IF  shift 168
	WHILE  shift 169
	DO  shift 170
	BREAK  shift 171
	CONTINUE  shift 172
	CONST  shift 173
	VAR  shift 174
	PLUSONE  shift 25
	MINUSONE  shift 26
	ENDBLOCK  shift 309
	ID  shift 175
	STRING  shift 176
	REALN  shift 28
	INT  shift 29
	'['  shift 177
	'-'  shift 30
	'('  shift 31
	'@'  shift 32
	.  error

	breakcontinue  goto 211
	dec  goto 212
	ints  goto 213
	exp4  goto 214
	exp5  goto 183
	exp6  goto 184
	exp  goto 36
	exp2  goto 37
	exp3  goto 38
	memreserv  goto 215
	print  goto 216
	print2  goto 187
	intorreal  goto 39


state 308
	func2 : func2 . dec  (45)
	func2 : func2 . ints  (46)
	func2 : func2 . exp4  (47)
	func2 : func2 . memreserv  (48)
	func2 : func2 . print  (49)
	func2 : func2 . breakcontinue  (50)
	elsecycle : ELSE NEWLINE STARTBLOCK func2 . ENDBLOCK endelsecycle  (71)

	NOT  shift 24
	IF  shift 168
	WHILE  shift 169
	DO  shift 170
	BREAK  shift 171
	CONTINUE  shift 172
	CONST  shift 173
	VAR  shift 174
	PLUSONE  shift 25
	MINUSONE  shift 26
	ENDBLOCK  shift 310
	ID  shift 175
	STRING  shift 176
	REALN  shift 28
	INT  shift 29
	'['  shift 177
	'-'  shift 30
	'('  shift 31
	'@'  shift 32
	.  error

	breakcontinue  goto 211
	dec  goto 212
	ints  goto 213
	exp4  goto 214
	exp5  goto 183
	exp6  goto 184
	exp  goto 36
	exp2  goto 37
	exp3  goto 38
	memreserv  goto 215
	print  goto 216
	print2  goto 187
	intorreal  goto 39


state 309
	elseif : ELSE NEWLINE STARTBLOCK func2 ENDBLOCK . endelseif  (73)

	ENDIF  shift 291
	.  error

	endelseif  goto 311


state 310
	elsecycle : ELSE NEWLINE STARTBLOCK func2 ENDBLOCK . endelsecycle  (71)

	DONE  shift 295
	.  error

	endelsecycle  goto 312


state 311
	elseif : ELSE NEWLINE STARTBLOCK func2 ENDBLOCK endelseif .  (73)

	.  reduce 73


state 312
	elsecycle : ELSE NEWLINE STARTBLOCK func2 ENDBLOCK endelsecycle .  (71)

	.  reduce 71


93 terminals, 40 nonterminals
160 grammar rules, 313 states
